<?xml version="1.0" encoding="UTF-8"?>
<!-- Generated by org.testng.reporters.JUnitReportReporter -->
<testsuite hostname="DESKTOP-RBD1MAL" failures="0" tests="3" name="CustomerTests" time="5.571" errors="0" timestamp="2020-04-28T12:04:36 IST" skipped="0">
  <testcase classname="CustomerTests" name="getUsers" time="0.218"/>
  <system-out/>
  <testcase classname="CustomerTests" name="getPhoneNumbers" time="0.245"/>
  <system-out/>
  <testcase classname="CustomerTests" name="getAccessToken" time="5.108"/>
  <system-out/>
</testsuite> <!-- CustomerTests -->
